生成启动时间为 2013/7/22 11:03:50。
     1>项目“D:\vs2020\bucketsort\bucketsort\bucketsort.vcxproj”在节点 2 上(build 个目标)。
     1>InitializeBuildStatus:
         正在创建“Debug\bucketsort.unsuccessfulbuild”，因为已指定“AlwaysCreate”。
       GenerateTargetFrameworkMonikerAttribute:
       正在跳过目标“GenerateTargetFrameworkMonikerAttribute”，因为所有输出文件相对于输入文件而言都是最新的。
       ClCompile:
         D:\softinstall\Visual Studio\VC\bin\CL.exe /c /AI"C:\Program Files\Reference Assemblies\Microsoft\Framework\.NETFramework\v4.0" /Zi /clr /nologo /W3 /WX- /Od /Oy- /D WIN32 /D _DEBUG /D _UNICODE /D UNICODE /EHa /MDd /GS /fp:precise /Zc:wchar_t /Zc:forScope /Fo"Debug\\" /Fd"Debug\vc100.pdb" /TP /analyze- /errorReport:prompt main.cpp /clr:nostdlib 
         main.cpp
     1>main.cpp(25): warning C4244: “=”: 从“double”转换到“int”，可能丢失数据
         所有输出均为最新。
       Link:
         D:\softinstall\Visual Studio\VC\bin\link.exe /ERRORREPORT:PROMPT /OUT:"D:\vs2020\bucketsort\Debug\bucketsort.exe" /INCREMENTAL /NOLOGO /MANIFEST /ManifestFile:"Debug\bucketsort.exe.intermediate.manifest" /MANIFESTUAC:"level='asInvoker' uiAccess='false'" /DEBUG /PDB:"D:\vs2020\bucketsort\Debug\bucketsort.pdb" /ASSEMBLYDEBUG /TLBID:1 /DYNAMICBASE /FIXED:NO /NXCOMPAT /MACHINE:X86 Debug\main.obj
         "Debug\.NETFramework,Version=v4.0.AssemblyAttributes.obj"
         bucketsort.vcxproj -> D:\vs2020\bucketsort\Debug\bucketsort.exe
       Manifest:
         C:\Program Files\Microsoft SDKs\Windows\v7.0A\bin\mt.exe /nologo /verbose /outputresource:"D:\vs2020\bucketsort\Debug\bucketsort.exe;#1" /manifest Debug\bucketsort.exe.intermediate.manifest
       FinalizeBuildStatus:
         正在删除文件“Debug\bucketsort.unsuccessfulbuild”。
         正在对“Debug\bucketsort.lastbuildstate”执行 Touch 任务。
     1>已完成生成项目“D:\vs2020\bucketsort\bucketsort\bucketsort.vcxproj”(build 个目标)的操作。

生成成功。

已用时间 00:00:01.45
