D:\VS2020\S4\DEBUG\S4.EXE
D:\VS2020\S4\DEBUG\S4.ILK
D:\VS2020\S4\DEBUG\S4.PDB
D:\vs2020\s4\s4\Debug\cl.command.1.tlog
D:\vs2020\s4\s4\Debug\CL.read.1.tlog
D:\vs2020\s4\s4\Debug\CL.write.1.tlog
D:\vs2020\s4\s4\Debug\link.5144.read.1.tlog
D:\vs2020\s4\s4\Debug\link.5144.write.1.tlog
D:\vs2020\s4\s4\Debug\link.5144-cvtres.read.1.tlog
D:\vs2020\s4\s4\Debug\link.5144-cvtres.write.1.tlog
D:\vs2020\s4\s4\Debug\link.command.1.tlog
D:\vs2020\s4\s4\Debug\link.read.1.tlog
D:\vs2020\s4\s4\Debug\link.write.1.tlog
D:\vs2020\s4\s4\Debug\link-cvtres.read.1.tlog
D:\vs2020\s4\s4\Debug\link-cvtres.write.1.tlog
D:\VS2020\S4\S4\DEBUG\MAIN.OBJ
D:\vs2020\s4\s4\Debug\mt.command.1.tlog
D:\vs2020\s4\s4\Debug\mt.read.1.tlog
D:\vs2020\s4\s4\Debug\mt.write.1.tlog
D:\vs2020\s4\s4\Debug\rc.command.1.tlog
D:\vs2020\s4\s4\Debug\rc.read.1.tlog
D:\vs2020\s4\s4\Debug\rc.write.1.tlog
D:\VS2020\S4\S4\DEBUG\S4.EXE.EMBED.MANIFEST
D:\VS2020\S4\S4\DEBUG\S4.EXE.EMBED.MANIFEST.RES
D:\VS2020\S4\S4\DEBUG\S4.EXE.INTERMEDIATE.MANIFEST
D:\vs2020\s4\s4\Debug\s4_manifest.rc
D:\vs2020\s4\s4\Debug\vc100.idb
D:\VS2020\S4\S4\DEBUG\VC100.PDB
