D:\VS2020\QSORT\DEBUG\QSORT.EXE
D:\VS2020\QSORT\DEBUG\QSORT.ILK
D:\VS2020\QSORT\DEBUG\QSORT.PDB
D:\vs2020\qsort\qsort\Debug\cl.command.1.tlog
D:\vs2020\qsort\qsort\Debug\CL.read.1.tlog
D:\vs2020\qsort\qsort\Debug\CL.write.1.tlog
D:\vs2020\qsort\qsort\Debug\link.5124.read.1.tlog
D:\vs2020\qsort\qsort\Debug\link.5124.write.1.tlog
D:\vs2020\qsort\qsort\Debug\link.5124-cvtres.read.1.tlog
D:\vs2020\qsort\qsort\Debug\link.5124-cvtres.write.1.tlog
D:\vs2020\qsort\qsort\Debug\link.command.1.tlog
D:\vs2020\qsort\qsort\Debug\link.read.1.tlog
D:\vs2020\qsort\qsort\Debug\link.write.1.tlog
D:\vs2020\qsort\qsort\Debug\link-cvtres.read.1.tlog
D:\vs2020\qsort\qsort\Debug\link-cvtres.write.1.tlog
D:\VS2020\QSORT\QSORT\DEBUG\MAIN.OBJ
D:\vs2020\qsort\qsort\Debug\mt.command.1.tlog
D:\vs2020\qsort\qsort\Debug\mt.read.1.tlog
D:\vs2020\qsort\qsort\Debug\mt.write.1.tlog
D:\VS2020\QSORT\QSORT\DEBUG\QSORT.EXE.EMBED.MANIFEST
D:\VS2020\QSORT\QSORT\DEBUG\QSORT.EXE.EMBED.MANIFEST.RES
D:\VS2020\QSORT\QSORT\DEBUG\QSORT.EXE.INTERMEDIATE.MANIFEST
D:\vs2020\qsort\qsort\Debug\qsort_manifest.rc
D:\vs2020\qsort\qsort\Debug\rc.command.1.tlog
D:\vs2020\qsort\qsort\Debug\rc.read.1.tlog
D:\vs2020\qsort\qsort\Debug\rc.write.1.tlog
D:\vs2020\qsort\qsort\Debug\vc100.idb
D:\VS2020\QSORT\QSORT\DEBUG\VC100.PDB
