生成启动时间为 2013/7/19 16:08:07。
     1>项目“D:\vs2020\最大公约数最小公倍数\最大公约数最小公倍数\最大公约数最小公倍数.vcxproj”在节点 2 上(build 个目标)。
     1>InitializeBuildStatus:
         正在创建“Debug\最大公约数最小公倍数.unsuccessfulbuild”，因为已指定“AlwaysCreate”。
       ClCompile:
         D:\softinstall\Visual Studio\VC\bin\CL.exe /c /ZI /nologo /W3 /WX- /Od /Oy- /D WIN32 /D _DEBUG /D _CONSOLE /D _UNICODE /D UNICODE /Gm /EHsc /RTC1 /MDd /GS /fp:precise /Zc:wchar_t /Zc:forScope /Fo"Debug\\" /Fd"Debug\vc100.pdb" /Gd /TP /analyze- /errorReport:prompt main.cpp
         main.cpp
     1>d:\vs2020\最大公约数最小公倍数\最大公约数最小公倍数\main.cpp(54): warning C4996: 'scanf': This function or variable may be unsafe. Consider using scanf_s instead. To disable deprecation, use _CRT_SECURE_NO_WARNINGS. See online help for details.
                 d:\softinstall\visual studio\vc\include\stdio.h(304) : 参见“scanf”的声明
     1>d:\vs2020\最大公约数最小公倍数\最大公约数最小公倍数\main.cpp(117): warning C4244: “=”: 从“double”转换到“int”，可能丢失数据
     1>d:\vs2020\最大公约数最小公倍数\最大公约数最小公倍数\main.cpp(134): warning C4244: “=”: 从“double”转换到“int”，可能丢失数据
       ManifestResourceCompile:
         所有输出均为最新。
       Link:
         D:\softinstall\Visual Studio\VC\bin\link.exe /ERRORREPORT:PROMPT /OUT:"D:\vs2020\最大公约数最小公倍数\Debug\最大公约数最小公倍数.exe" /INCREMENTAL /NOLOGO kernel32.lib user32.lib gdi32.lib winspool.lib comdlg32.lib advapi32.lib shell32.lib ole32.lib oleaut32.lib uuid.lib odbc32.lib odbccp32.lib /MANIFEST /ManifestFile:"Debug\最大公约数最小公倍数.exe.intermediate.manifest" /MANIFESTUAC:"level='asInvoker' uiAccess='false'" /DEBUG /PDB:"D:\vs2020\最大公约数最小公倍数\Debug\最大公约数最小公倍数.pdb" /SUBSYSTEM:CONSOLE /TLBID:1 /DYNAMICBASE /NXCOMPAT /IMPLIB:"D:\vs2020\最大公约数最小公倍数\Debug\最大公约数最小公倍数.lib" /MACHINE:X86 "Debug\最大公约数最小公倍数.exe.embed.manifest.res"
         Debug\main.obj
       Manifest:
         C:\Program Files\Microsoft SDKs\Windows\v7.0A\bin\mt.exe /nologo /verbose /out:"Debug\最大公约数最小公倍数.exe.embed.manifest" /manifest "Debug\最大公约数最小公倍数.exe.intermediate.manifest"
         所有输出均为最新。
       LinkEmbedManifest:
         所有输出均为最新。
         最大公约数最小公倍数.vcxproj -> D:\vs2020\最大公约数最小公倍数\Debug\最大公约数最小公倍数.exe
       FinalizeBuildStatus:
         正在删除文件“Debug\最大公约数最小公倍数.unsuccessfulbuild”。
         正在对“Debug\最大公约数最小公倍数.lastbuildstate”执行 Touch 任务。
     1>已完成生成项目“D:\vs2020\最大公约数最小公倍数\最大公约数最小公倍数\最大公约数最小公倍数.vcxproj”(build 个目标)的操作。

生成成功。

已用时间 00:00:01.44
